<?xml version="1.0" encoding="UTF-8" ?>
<testsuite tests="3" failures="0" name="com.atguigu.mybatis.DynamicSQLTest" time="9.148" errors="2" skipped="0">
  <properties>
    <property name="java.runtime.name" value="Java(TM) SE Runtime Environment"/>
    <property name="sun.boot.library.path" value="F:\Java\jdk1.8.0_281\jre\bin"/>
    <property name="java.vm.version" value="25.281-b09"/>
    <property name="java.vm.vendor" value="Oracle Corporation"/>
    <property name="maven.multiModuleProjectDirectory" value="F:\SSM\mybatis_dynamicSQL"/>
    <property name="java.vendor.url" value="http://java.oracle.com/"/>
    <property name="path.separator" value=";"/>
    <property name="guice.disable.misplaced.annotation.check" value="true"/>
    <property name="java.vm.name" value="Java HotSpot(TM) 64-Bit Server VM"/>
    <property name="file.encoding.pkg" value="sun.io"/>
    <property name="user.script" value=""/>
    <property name="user.country" value="CN"/>
    <property name="sun.java.launcher" value="SUN_STANDARD"/>
    <property name="sun.os.patch.level" value=""/>
    <property name="java.vm.specification.name" value="Java Virtual Machine Specification"/>
    <property name="user.dir" value="F:\SSM\mybatis_dynamicSQL"/>
    <property name="java.runtime.version" value="1.8.0_281-b09"/>
    <property name="java.awt.graphicsenv" value="sun.awt.Win32GraphicsEnvironment"/>
    <property name="java.endorsed.dirs" value="F:\Java\jdk1.8.0_281\jre\lib\endorsed"/>
    <property name="os.arch" value="amd64"/>
    <property name="java.io.tmpdir" value="C:\Users\pc\AppData\Local\Temp\"/>
    <property name="line.separator" value="
"/>
    <property name="java.vm.specification.vendor" value="Oracle Corporation"/>
    <property name="user.variant" value=""/>
    <property name="os.name" value="Windows 10"/>
    <property name="idea.version2020.1" value="true"/>
    <property name="maven.ext.class.path" value="D:\IntelliJ IDEA 2020.1\plugins\maven\lib\maven-event-listener.jar"/>
    <property name="classworlds.conf" value="F:\Maven\apache-maven-3.5.4-bin\apache-maven-3.5.4\bin\m2.conf"/>
    <property name="sun.jnu.encoding" value="GBK"/>
    <property name="java.library.path" value="F:\Java\jdk1.8.0_281\bin;C:\Windows\Sun\Java\bin;C:\Windows\system32;C:\Windows;C:\Program Files (x86)\Common Files\Oracle\Java\javapath;D:\VMware\bin\;F:\Java\jdk1.8.0_281\bin;&quot;C:\Program Files\Common Files\Oracle\Java\javapath;F:\Java\jdk1.8.0_281\bin&quot;;C:\Windows\system32;C:\Windows;C:\Windows\System32\Wbem;C:\Windows\System32\WindowsPowerShell\v1.0\;C:\Windows\System32\OpenSSH\;C:\Program Files\dotnet\;F:\MATLABR2016b\runtime\win64;F:\MATLABR2016b\bin;F:\MATLABR2016b\polyspace\bin;D:\Program Files\CMake\bin;C:\Program Files\Python36;C:\Program Files\Python36\Scripts;D:\浏览器下载\stardog-latest\stardog-7.9.0\bin;C:\Program Files\Docker\Docker\resources\bin;C:\ProgramData\DockerDesktop\version-bin;C:\Program Files\Graphviz\bin;F:\Maven\apache-maven-3.5.4-bin\apache-maven-3.5.4\bin;F:\Tools\scala-2.11.12\bin;E:\MySQL\MySQL Server 8.0\bin;C:\Program Files\MySQL\MySQL Server 5.5\bin;F:\NetSarang\Xshell 7\;F:\NetSarang\Xftp 7\;F:\nodejs\;C:\Users\pc\AppData\Local\Microsoft\WindowsApps;C:\Users\pc\.dotnet\tools;F:\PyCharm Community Edition 2021.3\bin;;D:\java\jre17.0.1\bin;C:\Program Files\Python36;C:\Program Files\Python36\Scripts;C:\Program Files\Java\jdk-11.0.13\bin;;D:\IntelliJ IDEA 2020.1\bin;C:\Program Files\MySQL\MySQL Server 8.0\bin\;;F:\texlive\2022\bin\win32;F:\Microsoft VS Code\bin;C:\Users\pc\AppData\Roaming\npm;."/>
    <property name="maven.conf" value="F:\Maven\apache-maven-3.5.4-bin\apache-maven-3.5.4/conf"/>
    <property name="java.specification.name" value="Java Platform API Specification"/>
    <property name="java.class.version" value="52.0"/>
    <property name="sun.management.compiler" value="HotSpot 64-Bit Tiered Compilers"/>
    <property name="maven.repo.local" value="F:\Maven\maven_repository"/>
    <property name="os.version" value="10.0"/>
    <property name="user.home" value="C:\Users\pc"/>
    <property name="user.timezone" value="GMT+08:00"/>
    <property name="java.awt.printerjob" value="sun.awt.windows.WPrinterJob"/>
    <property name="java.specification.version" value="1.8"/>
    <property name="file.encoding" value="UTF-8"/>
    <property name="user.name" value="pc"/>
    <property name="java.class.path" value="F:\Maven\apache-maven-3.5.4-bin\apache-maven-3.5.4\boot\plexus-classworlds-2.5.2.jar"/>
    <property name="java.vm.specification.version" value="1.8"/>
    <property name="sun.arch.data.model" value="64"/>
    <property name="java.home" value="F:\Java\jdk1.8.0_281\jre"/>
    <property name="sun.java.command" value="org.codehaus.classworlds.Launcher -Didea.version2020.1 -s F:\Maven\apache-maven-3.5.4-bin\apache-maven-3.5.4\conf\settings.xml -Dmaven.repo.local=F:\Maven\maven_repository install --non-recursive"/>
    <property name="java.specification.vendor" value="Oracle Corporation"/>
    <property name="user.language" value="zh"/>
    <property name="awt.toolkit" value="sun.awt.windows.WToolkit"/>
    <property name="java.vm.info" value="mixed mode"/>
    <property name="java.version" value="1.8.0_281"/>
    <property name="java.ext.dirs" value="F:\Java\jdk1.8.0_281\jre\lib\ext;C:\Windows\Sun\Java\lib\ext"/>
    <property name="sun.boot.class.path" value="F:\Java\jdk1.8.0_281\jre\lib\resources.jar;F:\Java\jdk1.8.0_281\jre\lib\rt.jar;F:\Java\jdk1.8.0_281\jre\lib\sunrsasign.jar;F:\Java\jdk1.8.0_281\jre\lib\jsse.jar;F:\Java\jdk1.8.0_281\jre\lib\jce.jar;F:\Java\jdk1.8.0_281\jre\lib\charsets.jar;F:\Java\jdk1.8.0_281\jre\lib\jfr.jar;F:\Java\jdk1.8.0_281\jre\classes"/>
    <property name="java.vendor" value="Oracle Corporation"/>
    <property name="maven.home" value="F:\Maven\apache-maven-3.5.4-bin\apache-maven-3.5.4"/>
    <property name="file.separator" value="\"/>
    <property name="java.vendor.url.bug" value="http://bugreport.sun.com/bugreport/"/>
    <property name="sun.cpu.endian" value="little"/>
    <property name="sun.io.unicode.encoding" value="UnicodeLittle"/>
    <property name="sun.desktop" value="windows"/>
    <property name="sun.cpu.isalist" value="amd64"/>
  </properties>
  <testcase classname="com.atguigu.mybatis.DynamicSQLTest" name="InsertBatchEmpsTest" time="8.982">
    <error message="
### Error updating database.  Cause: java.sql.SQLIntegrityConstraintViolationException: Duplicate entry &apos;小明0&apos; for key &apos;emp.emp_emp_name_uindex&apos;
### The error may exist in com/atguigu/mybatis/mapper/DynamicSQLMapper.xml
### The error may involve defaultParameterMap
### The error occurred while setting parameters
### SQL: insert into emp values                        (null,?,?,?,null)          ,              (null,?,?,?,null)          ,              (null,?,?,?,null)          ,              (null,?,?,?,null)          ,              (null,?,?,?,null)
### Cause: java.sql.SQLIntegrityConstraintViolationException: Duplicate entry &apos;小明0&apos; for key &apos;emp.emp_emp_name_uindex&apos;" type="org.apache.ibatis.exceptions.PersistenceException">org.apache.ibatis.exceptions.PersistenceException: 
### Error updating database.  Cause: java.sql.SQLIntegrityConstraintViolationException: Duplicate entry &apos;小明0&apos; for key &apos;emp.emp_emp_name_uindex&apos;
### The error may exist in com/atguigu/mybatis/mapper/DynamicSQLMapper.xml
### The error may involve defaultParameterMap
### The error occurred while setting parameters
### SQL: insert into emp values                        (null,?,?,?,null)          ,              (null,?,?,?,null)          ,              (null,?,?,?,null)          ,              (null,?,?,?,null)          ,              (null,?,?,?,null)
### Cause: java.sql.SQLIntegrityConstraintViolationException: Duplicate entry &apos;小明0&apos; for key &apos;emp.emp_emp_name_uindex&apos;
	at org.apache.ibatis.exceptions.ExceptionFactory.wrapException(ExceptionFactory.java:30)
	at org.apache.ibatis.session.defaults.DefaultSqlSession.update(DefaultSqlSession.java:196)
	at org.apache.ibatis.session.defaults.DefaultSqlSession.insert(DefaultSqlSession.java:181)
	at org.apache.ibatis.binding.MapperMethod.execute(MapperMethod.java:62)
	at org.apache.ibatis.binding.MapperProxy$PlainMethodInvoker.invoke(MapperProxy.java:145)
	at org.apache.ibatis.binding.MapperProxy.invoke(MapperProxy.java:86)
	at com.sun.proxy.$Proxy6.insertBatchEmps(Unknown Source)
	at com.atguigu.mybatis.DynamicSQLTest.InsertBatchEmpsTest(DynamicSQLTest.java:31)
	at sun.reflect.NativeMethodAccessorImpl.invoke0(Native Method)
	at sun.reflect.NativeMethodAccessorImpl.invoke(NativeMethodAccessorImpl.java:62)
	at sun.reflect.DelegatingMethodAccessorImpl.invoke(DelegatingMethodAccessorImpl.java:43)
	at java.lang.reflect.Method.invoke(Method.java:498)
	at org.junit.runners.model.FrameworkMethod$1.runReflectiveCall(FrameworkMethod.java:50)
	at org.junit.internal.runners.model.ReflectiveCallable.run(ReflectiveCallable.java:12)
	at org.junit.runners.model.FrameworkMethod.invokeExplosively(FrameworkMethod.java:47)
	at org.junit.internal.runners.statements.InvokeMethod.evaluate(InvokeMethod.java:17)
	at org.junit.runners.ParentRunner.runLeaf(ParentRunner.java:325)
	at org.junit.runners.BlockJUnit4ClassRunner.runChild(BlockJUnit4ClassRunner.java:78)
	at org.junit.runners.BlockJUnit4ClassRunner.runChild(BlockJUnit4ClassRunner.java:57)
	at org.junit.runners.ParentRunner$3.run(ParentRunner.java:290)
	at org.junit.runners.ParentRunner$1.schedule(ParentRunner.java:71)
	at org.junit.runners.ParentRunner.runChildren(ParentRunner.java:288)
	at org.junit.runners.ParentRunner.access$000(ParentRunner.java:58)
	at org.junit.runners.ParentRunner$2.evaluate(ParentRunner.java:268)
	at org.junit.runners.ParentRunner.run(ParentRunner.java:363)
	at org.apache.maven.surefire.junit4.JUnit4Provider.execute(JUnit4Provider.java:252)
	at org.apache.maven.surefire.junit4.JUnit4Provider.executeTestSet(JUnit4Provider.java:141)
	at org.apache.maven.surefire.junit4.JUnit4Provider.invoke(JUnit4Provider.java:112)
	at sun.reflect.NativeMethodAccessorImpl.invoke0(Native Method)
	at sun.reflect.NativeMethodAccessorImpl.invoke(NativeMethodAccessorImpl.java:62)
	at sun.reflect.DelegatingMethodAccessorImpl.invoke(DelegatingMethodAccessorImpl.java:43)
	at java.lang.reflect.Method.invoke(Method.java:498)
	at org.apache.maven.surefire.util.ReflectionUtils.invokeMethodWithArray(ReflectionUtils.java:189)
	at org.apache.maven.surefire.booter.ProviderFactory$ProviderProxy.invoke(ProviderFactory.java:165)
	at org.apache.maven.surefire.booter.ProviderFactory.invokeProvider(ProviderFactory.java:85)
	at org.apache.maven.surefire.booter.ForkedBooter.runSuitesInProcess(ForkedBooter.java:115)
	at org.apache.maven.surefire.booter.ForkedBooter.main(ForkedBooter.java:75)
Caused by: java.sql.SQLIntegrityConstraintViolationException: Duplicate entry &apos;小明0&apos; for key &apos;emp.emp_emp_name_uindex&apos;
	at com.mysql.cj.jdbc.exceptions.SQLError.createSQLException(SQLError.java:117)
	at com.mysql.cj.jdbc.exceptions.SQLError.createSQLException(SQLError.java:97)
	at com.mysql.cj.jdbc.exceptions.SQLExceptionsMapping.translateException(SQLExceptionsMapping.java:122)
	at com.mysql.cj.jdbc.ClientPreparedStatement.executeInternal(ClientPreparedStatement.java:955)
	at com.mysql.cj.jdbc.ClientPreparedStatement.execute(ClientPreparedStatement.java:372)
	at sun.reflect.NativeMethodAccessorImpl.invoke0(Native Method)
	at sun.reflect.NativeMethodAccessorImpl.invoke(NativeMethodAccessorImpl.java:62)
	at sun.reflect.DelegatingMethodAccessorImpl.invoke(DelegatingMethodAccessorImpl.java:43)
	at java.lang.reflect.Method.invoke(Method.java:498)
	at org.apache.ibatis.logging.jdbc.PreparedStatementLogger.invoke(PreparedStatementLogger.java:59)
	at com.sun.proxy.$Proxy9.execute(Unknown Source)
	at org.apache.ibatis.executor.statement.PreparedStatementHandler.update(PreparedStatementHandler.java:47)
	at org.apache.ibatis.executor.statement.RoutingStatementHandler.update(RoutingStatementHandler.java:74)
	at org.apache.ibatis.executor.SimpleExecutor.doUpdate(SimpleExecutor.java:50)
	at org.apache.ibatis.executor.BaseExecutor.update(BaseExecutor.java:117)
	at org.apache.ibatis.executor.CachingExecutor.update(CachingExecutor.java:76)
	at org.apache.ibatis.session.defaults.DefaultSqlSession.update(DefaultSqlSession.java:194)
	... 35 more
</error>
    <system-out>DEBUG 07-20 16:07:03,243 ==&gt;  Preparing: insert into emp values (null,?,?,?,null) , (null,?,?,?,null) , (null,?,?,?,null) , (null,?,?,?,null) , (null,?,?,?,null) (BaseJdbcLogger.java:137) 
DEBUG 07-20 16:07:03,351 ==&gt; Parameters: 小明0(String), 22(Integer), 女(String), 小明1(String), 23(Integer), 女(String), 小明2(String), 24(Integer), 女(String), 小明3(String), 25(Integer), 女(String), 小明4(String), 26(Integer), 女(String) (BaseJdbcLogger.java:137) 
</system-out>
    <system-err>log4j:WARN Continuable parsing error 14 and column 21
log4j:WARN Ԫ������Ϊ &quot;layout&quot; �����ݱ���ƥ�� &quot;(param)*&quot;��
log4j:WARN Continuable parsing error 16 and column 19
log4j:WARN Ԫ������Ϊ &quot;appender&quot; �����ݱ���ƥ�� &quot;(errorHandler?,param*,rollingPolicy?,triggeringPolicy?,connectionSource?,layout?,filter*,appender-ref*)&quot;��
log4j:WARN Continuable parsing error 22 and column 17
log4j:WARN Ԫ������Ϊ &quot;logger&quot; �����ݱ���ƥ�� &quot;(param*,level?,appender-ref*)&quot;��
log4j:WARN Continuable parsing error 26 and column 17
log4j:WARN Ԫ������Ϊ &quot;logger&quot; �����ݱ���ƥ�� &quot;(param*,level?,appender-ref*)&quot;��
log4j:WARN Continuable parsing error 30 and column 15
log4j:WARN Ԫ������Ϊ &quot;root&quot; �����ݱ���ƥ�� &quot;(param*,(priority|level)?,appender-ref*)&quot;��
log4j:WARN Continuable parsing error 31 and column 23
log4j:WARN Ԫ������Ϊ &quot;log4j:configuration&quot; �����ݱ���ƥ�� &quot;(renderer*,throwableRenderer?,appender*,plugin*,(category|logger)*,root?,(categoryFactory|loggerFactory)?)&quot;��
</system-err>
  </testcase>
  <testcase classname="com.atguigu.mybatis.DynamicSQLTest" name="DeleteBatchEmpsTest" time="0.065"/>
  <testcase classname="com.atguigu.mybatis.DynamicSQLTest" name="dynamicSQLTest" time="0.101">
    <error message="
### Error querying database.  Cause: java.sql.SQLSyntaxErrorException: Unknown column &apos;dept_id&apos; in &apos;field list&apos;
### The error may exist in com/atguigu/mybatis/mapper/DynamicSQLMapper.xml
### The error may involve defaultParameterMap
### The error occurred while setting parameters
### SQL: select           emp_id,emp_name,age,gender,dept_id       from emp          where age=?
### Cause: java.sql.SQLSyntaxErrorException: Unknown column &apos;dept_id&apos; in &apos;field list&apos;" type="org.apache.ibatis.exceptions.PersistenceException">org.apache.ibatis.exceptions.PersistenceException: 
### Error querying database.  Cause: java.sql.SQLSyntaxErrorException: Unknown column &apos;dept_id&apos; in &apos;field list&apos;
### The error may exist in com/atguigu/mybatis/mapper/DynamicSQLMapper.xml
### The error may involve defaultParameterMap
### The error occurred while setting parameters
### SQL: select           emp_id,emp_name,age,gender,dept_id       from emp          where age=?
### Cause: java.sql.SQLSyntaxErrorException: Unknown column &apos;dept_id&apos; in &apos;field list&apos;
	at org.apache.ibatis.exceptions.ExceptionFactory.wrapException(ExceptionFactory.java:30)
	at org.apache.ibatis.session.defaults.DefaultSqlSession.selectList(DefaultSqlSession.java:153)
	at org.apache.ibatis.session.defaults.DefaultSqlSession.selectList(DefaultSqlSession.java:145)
	at org.apache.ibatis.session.defaults.DefaultSqlSession.selectList(DefaultSqlSession.java:140)
	at org.apache.ibatis.binding.MapperMethod.executeForMany(MapperMethod.java:147)
	at org.apache.ibatis.binding.MapperMethod.execute(MapperMethod.java:80)
	at org.apache.ibatis.binding.MapperProxy$PlainMethodInvoker.invoke(MapperProxy.java:145)
	at org.apache.ibatis.binding.MapperProxy.invoke(MapperProxy.java:86)
	at com.sun.proxy.$Proxy6.getEmpCondition(Unknown Source)
	at com.atguigu.mybatis.DynamicSQLTest.dynamicSQLTest(DynamicSQLTest.java:18)
	at sun.reflect.NativeMethodAccessorImpl.invoke0(Native Method)
	at sun.reflect.NativeMethodAccessorImpl.invoke(NativeMethodAccessorImpl.java:62)
	at sun.reflect.DelegatingMethodAccessorImpl.invoke(DelegatingMethodAccessorImpl.java:43)
	at java.lang.reflect.Method.invoke(Method.java:498)
	at org.junit.runners.model.FrameworkMethod$1.runReflectiveCall(FrameworkMethod.java:50)
	at org.junit.internal.runners.model.ReflectiveCallable.run(ReflectiveCallable.java:12)
	at org.junit.runners.model.FrameworkMethod.invokeExplosively(FrameworkMethod.java:47)
	at org.junit.internal.runners.statements.InvokeMethod.evaluate(InvokeMethod.java:17)
	at org.junit.runners.ParentRunner.runLeaf(ParentRunner.java:325)
	at org.junit.runners.BlockJUnit4ClassRunner.runChild(BlockJUnit4ClassRunner.java:78)
	at org.junit.runners.BlockJUnit4ClassRunner.runChild(BlockJUnit4ClassRunner.java:57)
	at org.junit.runners.ParentRunner$3.run(ParentRunner.java:290)
	at org.junit.runners.ParentRunner$1.schedule(ParentRunner.java:71)
	at org.junit.runners.ParentRunner.runChildren(ParentRunner.java:288)
	at org.junit.runners.ParentRunner.access$000(ParentRunner.java:58)
	at org.junit.runners.ParentRunner$2.evaluate(ParentRunner.java:268)
	at org.junit.runners.ParentRunner.run(ParentRunner.java:363)
	at org.apache.maven.surefire.junit4.JUnit4Provider.execute(JUnit4Provider.java:252)
	at org.apache.maven.surefire.junit4.JUnit4Provider.executeTestSet(JUnit4Provider.java:141)
	at org.apache.maven.surefire.junit4.JUnit4Provider.invoke(JUnit4Provider.java:112)
	at sun.reflect.NativeMethodAccessorImpl.invoke0(Native Method)
	at sun.reflect.NativeMethodAccessorImpl.invoke(NativeMethodAccessorImpl.java:62)
	at sun.reflect.DelegatingMethodAccessorImpl.invoke(DelegatingMethodAccessorImpl.java:43)
	at java.lang.reflect.Method.invoke(Method.java:498)
	at org.apache.maven.surefire.util.ReflectionUtils.invokeMethodWithArray(ReflectionUtils.java:189)
	at org.apache.maven.surefire.booter.ProviderFactory$ProviderProxy.invoke(ProviderFactory.java:165)
	at org.apache.maven.surefire.booter.ProviderFactory.invokeProvider(ProviderFactory.java:85)
	at org.apache.maven.surefire.booter.ForkedBooter.runSuitesInProcess(ForkedBooter.java:115)
	at org.apache.maven.surefire.booter.ForkedBooter.main(ForkedBooter.java:75)
Caused by: java.sql.SQLSyntaxErrorException: Unknown column &apos;dept_id&apos; in &apos;field list&apos;
	at com.mysql.cj.jdbc.exceptions.SQLError.createSQLException(SQLError.java:120)
	at com.mysql.cj.jdbc.exceptions.SQLError.createSQLException(SQLError.java:97)
	at com.mysql.cj.jdbc.exceptions.SQLExceptionsMapping.translateException(SQLExceptionsMapping.java:122)
	at com.mysql.cj.jdbc.ClientPreparedStatement.executeInternal(ClientPreparedStatement.java:955)
	at com.mysql.cj.jdbc.ClientPreparedStatement.execute(ClientPreparedStatement.java:372)
	at sun.reflect.NativeMethodAccessorImpl.invoke0(Native Method)
	at sun.reflect.NativeMethodAccessorImpl.invoke(NativeMethodAccessorImpl.java:62)
	at sun.reflect.DelegatingMethodAccessorImpl.invoke(DelegatingMethodAccessorImpl.java:43)
	at java.lang.reflect.Method.invoke(Method.java:498)
	at org.apache.ibatis.logging.jdbc.PreparedStatementLogger.invoke(PreparedStatementLogger.java:59)
	at com.sun.proxy.$Proxy9.execute(Unknown Source)
	at org.apache.ibatis.executor.statement.PreparedStatementHandler.query(PreparedStatementHandler.java:64)
	at org.apache.ibatis.executor.statement.RoutingStatementHandler.query(RoutingStatementHandler.java:79)
	at org.apache.ibatis.executor.SimpleExecutor.doQuery(SimpleExecutor.java:63)
	at org.apache.ibatis.executor.BaseExecutor.queryFromDatabase(BaseExecutor.java:325)
	at org.apache.ibatis.executor.BaseExecutor.query(BaseExecutor.java:156)
	at org.apache.ibatis.executor.CachingExecutor.query(CachingExecutor.java:109)
	at org.apache.ibatis.executor.CachingExecutor.query(CachingExecutor.java:89)
	at org.apache.ibatis.session.defaults.DefaultSqlSession.selectList(DefaultSqlSession.java:151)
	... 37 more
</error>
    <system-out>DEBUG 07-20 16:07:04,392 ==&gt;  Preparing: select emp_id,emp_name,age,gender,dept_id from emp where age=? (BaseJdbcLogger.java:137) 
DEBUG 07-20 16:07:04,393 ==&gt; Parameters: 22(Integer) (BaseJdbcLogger.java:137) 
</system-out>
  </testcase>
</testsuite>